Unity Editor version:    2020.3.24f1 (79c78de19888)
Branch:                  2020.3/staging
Build type:              Release
Batch mode:              YES
macOS version:           Version 12.2.1 (Build 21D62)
Darwin version:          21.3.0
Architecture:            x86_64
Running under Rosetta:   NO
Available memory:        16384 MB
Using pre-set license
Pro License: NO

COMMAND LINE ARGUMENTS:
/Users/bradfordarmstrong/Projects/unity/2020.3.24f1/Unity.app/Contents/MacOS/Unity
-adb2
-batchMode
-noUpm
-name
AssetImportWorker0
-projectPath
/Users/bradfordarmstrong/Projects/unity/Introduction-to-Unity-UI-Part-1/My project
-logFile
Logs/AssetImportWorker0.log
-srvPort
56689
Successfully changed project path to: /Users/bradfordarmstrong/Projects/unity/Introduction-to-Unity-UI-Part-1/My project
/Users/bradfordarmstrong/Projects/unity/Introduction-to-Unity-UI-Part-1/My project
Using Asset Import Pipeline V2.
Refreshing native plugins compatible for Editor in 30.68 ms, found 2 plugins.
Preloading 0 native plugins for Editor in 0.00 ms.
Initialize engine version: 2020.3.24f1 (79c78de19888)
[Subsystems] Discovering subsystems at path /Users/bradfordarmstrong/Projects/unity/2020.3.24f1/Unity.app/Contents/Resources/UnitySubsystems
[Subsystems] Discovering subsystems at path /Users/bradfordarmstrong/Projects/unity/Introduction-to-Unity-UI-Part-1/My project/Assets
GfxDevice: creating device client; threaded=0
2022-03-16 10:13:56.683 Unity[65324:5443656] Color LCD preferred device: Intel(R) UHD Graphics 630 (low power)
2022-03-16 10:13:56.684 Unity[65324:5443656] Metal devices available: 2
2022-03-16 10:13:56.684 Unity[65324:5443656] 0: AMD Radeon Pro 5500M (high power)
2022-03-16 10:13:56.684 Unity[65324:5443656] 1: Intel(R) UHD Graphics 630 (low power)
2022-03-16 10:13:56.684 Unity[65324:5443656] Using device AMD Radeon Pro 5500M (high power)
Initializing Metal device caps: AMD Radeon Pro 5500M
Initialize mono
Mono path[0] = '/Users/bradfordarmstrong/Projects/unity/2020.3.24f1/Unity.app/Contents/Managed'
Mono path[1] = '/Users/bradfordarmstrong/Projects/unity/2020.3.24f1/Unity.app/Contents/MonoBleedingEdge/lib/mono/unityjit'
Mono config path = '/Users/bradfordarmstrong/Projects/unity/2020.3.24f1/Unity.app/Contents/MonoBleedingEdge/etc'
Using monoOptions --debugger-agent=transport=dt_socket,embedding=1,server=y,suspend=n,address=127.0.0.1:56324
Begin MonoManager ReloadAssembly
Registering precompiled unity dll's ...
Register platform support module: /Users/bradfordarmstrong/Projects/unity/2020.3.24f1/Unity.app/Contents/PlaybackEngines/MacStandaloneSupport/UnityEditor.OSXStandalone.Extensions.dll
Registered in 0.000341 seconds.
Native extension for OSXStandalone target not found
Refreshing native plugins compatible for Editor in 28.58 ms, found 2 plugins.
Preloading 0 native plugins for Editor in 0.00 ms.
Mono: successfully reloaded assembly
- Completed reload, in  0.600 seconds
Domain Reload Profiling:
	ReloadAssembly (601ms)
		BeginReloadAssembly (36ms)
			ExecutionOrderSort (0ms)
			DisableScriptedObjects (0ms)
			BackupInstance (0ms)
			ReleaseScriptingObjects (0ms)
			CreateAndSetChildDomain (1ms)
		EndReloadAssembly (490ms)
			LoadAssemblies (35ms)
			RebuildTransferFunctionScriptingTraits (0ms)
			SetupTypeCache (188ms)
			ReleaseScriptCaches (0ms)
			RebuildScriptCaches (38ms)
			SetupLoadedEditorAssemblies (172ms)
				LogAssemblyErrors (0ms)
				InitializePlatformSupportModulesInManaged (4ms)
				SetLoadedEditorAssemblies (0ms)
				RefreshPlugins (29ms)
				BeforeProcessingInitializeOnLoad (8ms)
				ProcessInitializeOnLoadAttributes (102ms)
				ProcessInitializeOnLoadMethodAttributes (29ms)
				AfterProcessingInitializeOnLoad (0ms)
				EditorAssembliesLoaded (0ms)
			ExecutionOrderSort2 (0ms)
			AwakeInstancesAfterBackupRestoration (0ms)
Platform modules already initialized, skipping
Registering precompiled user dll's ...
Registered in 0.001448 seconds.
Begin MonoManager ReloadAssembly
Native extension for OSXStandalone target not found
Refreshing native plugins compatible for Editor in 0.30 ms, found 2 plugins.
Preloading 0 native plugins for Editor in 0.00 ms.
Mono: successfully reloaded assembly
- Completed reload, in  1.024 seconds
Domain Reload Profiling:
	ReloadAssembly (1025ms)
		BeginReloadAssembly (133ms)
			ExecutionOrderSort (0ms)
			DisableScriptedObjects (5ms)
			BackupInstance (0ms)
			ReleaseScriptingObjects (0ms)
			CreateAndSetChildDomain (20ms)
		EndReloadAssembly (832ms)
			LoadAssemblies (82ms)
			RebuildTransferFunctionScriptingTraits (0ms)
			SetupTypeCache (309ms)
			ReleaseScriptCaches (0ms)
			RebuildScriptCaches (49ms)
			SetupLoadedEditorAssemblies (285ms)
				LogAssemblyErrors (0ms)
				InitializePlatformSupportModulesInManaged (4ms)
				SetLoadedEditorAssemblies (0ms)
				RefreshPlugins (0ms)
				BeforeProcessingInitializeOnLoad (46ms)
				ProcessInitializeOnLoadAttributes (224ms)
				ProcessInitializeOnLoadMethodAttributes (9ms)
				AfterProcessingInitializeOnLoad (1ms)
				EditorAssembliesLoaded (0ms)
			ExecutionOrderSort2 (0ms)
			AwakeInstancesAfterBackupRestoration (6ms)
Platform modules already initialized, skipping
Validating Project structure ... 0.000109 seconds.
Shader import version has changed; will reimport all shaders...
Upgrading shader files ...0.000152 seconds.
Application.AssetDatabase Initial Script Refresh Start
RefreshInfo: InitialScriptRefreshV2(NoUpdateAssetOptions) scanfilter:  ... 1 filters
RefreshProfiler: Total: 0.000ms
Application.AssetDatabase Initial Script Refresh End
Application.AssetDatabase.Refresh Start
Application.AssetDatabase.Refresh End
RefreshInfo: StopAssetImportingV2(ForceSynchronousImport) scanfilter: 
RefreshProfiler: Total: 0.000ms
Launching external process: /Users/bradfordarmstrong/Projects/unity/2020.3.24f1/Unity.app/Contents/Tools/UnityShaderCompiler
Launched and connected shader compiler UnityShaderCompiler after 0.02 seconds
Initializing Unity extensions:
2022-03-16 10:13:59.005 Unity[65324:5443656] NSEventModifierFlagFunction specified to -setKeyEquivalentModifierMask: for item <NSMenuItem: 0x6000010adc70 Font Asset, ke='Command-F12'>, but is only supported for system-provided menu items; will not be used
2022-03-16 10:13:59.008 Unity[65324:5443656] NSEventModifierFlagFunction specified to -setKeyEquivalentModifierMask: for item <NSMenuItem: 0x60000108b800 Font Asset, ke='Command-F12'>, but is only supported for system-provided menu items; will not be used
========================================================================
Worker process is ready to serve import requests
Refreshing native plugins compatible for Editor in 0.28 ms, found 2 plugins.
Preloading 0 native plugins for Editor in 0.00 ms.
Unloading 1501 Unused Serialized files (Serialized files now loaded: 0)
System memory in use before: 158.3 MB.
System memory in use after: 157.5 MB.

Unloading 80 unused Assets to reduce memory usage. Loaded Objects now: 1972.
Total: 3.225704 ms (FindLiveObjects: 0.156619 ms CreateObjectMapping: 0.046292 ms MarkObjects: 2.520613 ms  DeleteObjects: 0.501318 ms)

AssetImportParameters requested are different than current active one (requested -> active):
  custom:video-decoder-ogg-theora: a1e56fd34408186e4bbccfd4996cb3dc -> 
  custom:container-muxer-webm: aa71ff27fc2769a1b78a27578f13a17b -> 
  custom:container-demuxer-webm: 4f35f7cbe854078d1ac9338744f61a02 -> 
  custom:container-demuxer-ogg: 62fdf1f143b41e24485cea50d1cbac27 -> 
  custom:video-encoder-webm-vp8: eb34c28f22e8b96e1ab97ce403110664 -> 
  custom:framework-osx-AVFoundation: e770b220cccbd017edd2c1fefb359320 -> 
  custom:video-decoder-webm-vp8: 9c59270c3fd7afecdb556c50c9e8de78 -> 
  custom:audio-decoder-ogg-vorbis: bf7c407c2cedff20999df2af8eb42d56 -> 
  custom:audio-encoder-webm-vorbis: bf7c407c2cedff20999df2af8eb42d56 -> 
========================================================================
Received Import Request.
  path: Assets/Scenes
  artifactKey: Guid(6de79754f31fc4d3789f27a54a79e6e8) Importer(815301076,1909f56bfc062723c751e8b465ee728b)
Start importing Assets/Scenes using Guid(6de79754f31fc4d3789f27a54a79e6e8) Importer(815301076,1909f56bfc062723c751e8b465ee728b)  -> (artifact id: '0e95294583f1cd7bcb293a60f10d6c33') in 0.003763 seconds 
  Import took 0.007588 seconds .

========================================================================
Received Import Request.
  Time since last request: 718.373659 seconds.
  path: Assets/Hours_arm.mat
  artifactKey: Guid(5a33cc9a37a2d431f95f18899f18b7cf) Importer(815301076,1909f56bfc062723c751e8b465ee728b)
Start importing Assets/Hours_arm.mat using Guid(5a33cc9a37a2d431f95f18899f18b7cf) Importer(815301076,1909f56bfc062723c751e8b465ee728b)  -> (artifact id: 'dedaacb9be5448124ce698a2bcc69bf5') in 0.969119 seconds 
  Import took 0.975225 seconds .

========================================================================
Received Import Request.
  Time since last request: 5.956704 seconds.
  path: Assets/Clock_arm.mat
  artifactKey: Guid(5a33cc9a37a2d431f95f18899f18b7cf) Importer(815301076,1909f56bfc062723c751e8b465ee728b)
Start importing Assets/Clock_arm.mat using Guid(5a33cc9a37a2d431f95f18899f18b7cf) Importer(815301076,1909f56bfc062723c751e8b465ee728b)  -> (artifact id: 'd5bbba342faf306649e8de29f8a8defe') in 0.015542 seconds 
  Import took 0.018765 seconds .

========================================================================
Received Import Request.
  Time since last request: 33.715058 seconds.
  path: Assets/Clock_arm.mat
  artifactKey: Guid(5a33cc9a37a2d431f95f18899f18b7cf) Importer(815301076,1909f56bfc062723c751e8b465ee728b)
Start importing Assets/Clock_arm.mat using Guid(5a33cc9a37a2d431f95f18899f18b7cf) Importer(815301076,1909f56bfc062723c751e8b465ee728b)  -> (artifact id: '9ba5f9bef8ad87d08603d09ccb20629f') in 0.014728 seconds 
  Import took 0.017663 seconds .

========================================================================
Received Import Request.
  Time since last request: 1111.578438 seconds.
  path: Assets/Seconds_Arm.mat
  artifactKey: Guid(dff40def2545f43e3823411f318d5f05) Importer(815301076,1909f56bfc062723c751e8b465ee728b)
Start importing Assets/Seconds_Arm.mat using Guid(dff40def2545f43e3823411f318d5f05) Importer(815301076,1909f56bfc062723c751e8b465ee728b)  -> (artifact id: '5d0bf402e6b1c06965691f542a425ea8') in 0.023408 seconds 
  Import took 0.027812 seconds .

========================================================================
Received Import Request.
  Time since last request: 24.708073 seconds.
  path: Assets/Seconds_Arm.mat
  artifactKey: Guid(dff40def2545f43e3823411f318d5f05) Importer(815301076,1909f56bfc062723c751e8b465ee728b)
Start importing Assets/Seconds_Arm.mat using Guid(dff40def2545f43e3823411f318d5f05) Importer(815301076,1909f56bfc062723c751e8b465ee728b)  -> (artifact id: '59b18b2c6a89a865c18a931048ba9958') in 0.018793 seconds 
  Import took 0.021455 seconds .

========================================================================
Received Import Request.
  Time since last request: 297.891682 seconds.
  path: Assets/Materials
  artifactKey: Guid(e9bd8528046684f918c81ad430ed17f0) Importer(815301076,1909f56bfc062723c751e8b465ee728b)
Start importing Assets/Materials using Guid(e9bd8528046684f918c81ad430ed17f0) Importer(815301076,1909f56bfc062723c751e8b465ee728b)  -> (artifact id: 'bb5d8f0395d2d030dcd04e41ec6d50c0') in 0.001956 seconds 
  Import took 0.004666 seconds .

========================================================================
Received Import Request.
  Time since last request: 90.815075 seconds.
  path: Assets/Scripts
  artifactKey: Guid(2b4e9295fde734b65a23d67abf5ecb41) Importer(815301076,1909f56bfc062723c751e8b465ee728b)
Start importing Assets/Scripts using Guid(2b4e9295fde734b65a23d67abf5ecb41) Importer(815301076,1909f56bfc062723c751e8b465ee728b)  -> (artifact id: '686a7332b000717b82eb3ac5330c06a7') in 0.001920 seconds 
  Import took 0.004861 seconds .

========================================================================
Received Import Request.
  Time since last request: 7.436766 seconds.
  path: Assets/Scripts/Clock.cs
  artifactKey: Guid(ac750600bf45d4d218ab6591e3b1e5f7) Importer(815301076,1909f56bfc062723c751e8b465ee728b)
Start importing Assets/Scripts/Clock.cs using Guid(ac750600bf45d4d218ab6591e3b1e5f7) Importer(815301076,1909f56bfc062723c751e8b465ee728b)  -> (artifact id: 'f72c55245d3b95cc6994e19a264f2127') in 0.213566 seconds 
  Import took 0.220522 seconds .

========================================================================
Received Prepare
Registering precompiled user dll's ...
Registered in 0.003121 seconds.
Begin MonoManager ReloadAssembly
Native extension for OSXStandalone target not found
Refreshing native plugins compatible for Editor in 0.29 ms, found 2 plugins.
Preloading 0 native plugins for Editor in 0.00 ms.
2022-03-16 10:52:17.056 Unity[65324:5443656] NSEventModifierFlagFunction specified to -setKeyEquivalentModifierMask: for item <NSMenuItem: 0x6000010d05b0 Font Asset, ke='Command-F12'>, but is only supported for system-provided menu items; will not be used
Mono: successfully reloaded assembly
- Completed reload, in  1.139 seconds
Domain Reload Profiling:
	ReloadAssembly (1140ms)
		BeginReloadAssembly (150ms)
			ExecutionOrderSort (0ms)
			DisableScriptedObjects (8ms)
			BackupInstance (0ms)
			ReleaseScriptingObjects (0ms)
			CreateAndSetChildDomain (70ms)
		EndReloadAssembly (910ms)
			LoadAssemblies (77ms)
			RebuildTransferFunctionScriptingTraits (0ms)
			SetupTypeCache (345ms)
			ReleaseScriptCaches (1ms)
			RebuildScriptCaches (48ms)
			SetupLoadedEditorAssemblies (319ms)
				LogAssemblyErrors (0ms)
				InitializePlatformSupportModulesInManaged (4ms)
				SetLoadedEditorAssemblies (0ms)
				RefreshPlugins (0ms)
				BeforeProcessingInitializeOnLoad (95ms)
				ProcessInitializeOnLoadAttributes (210ms)
				ProcessInitializeOnLoadMethodAttributes (8ms)
				AfterProcessingInitializeOnLoad (1ms)
				EditorAssembliesLoaded (0ms)
			ExecutionOrderSort2 (0ms)
			AwakeInstancesAfterBackupRestoration (6ms)
Platform modules already initialized, skipping
Refreshing native plugins compatible for Editor in 0.31 ms, found 2 plugins.
Preloading 0 native plugins for Editor in 0.00 ms.
Unloading 1495 Unused Serialized files (Serialized files now loaded: 0)
System memory in use before: 165.4 MB.
System memory in use after: 165.5 MB.

Unloading 15 unused Assets to reduce memory usage. Loaded Objects now: 2015.
Total: 2.772073 ms (FindLiveObjects: 0.228327 ms CreateObjectMapping: 0.064876 ms MarkObjects: 2.462447 ms  DeleteObjects: 0.015544 ms)

AssetImportParameters requested are different than current active one (requested -> active):
  custom:video-decoder-ogg-theora: a1e56fd34408186e4bbccfd4996cb3dc -> 
  custom:container-muxer-webm: aa71ff27fc2769a1b78a27578f13a17b -> 
  custom:container-demuxer-webm: 4f35f7cbe854078d1ac9338744f61a02 -> 
  custom:container-demuxer-ogg: 62fdf1f143b41e24485cea50d1cbac27 -> 
  custom:video-encoder-webm-vp8: eb34c28f22e8b96e1ab97ce403110664 -> 
  custom:framework-osx-AVFoundation: e770b220cccbd017edd2c1fefb359320 -> 
  custom:video-decoder-webm-vp8: 9c59270c3fd7afecdb556c50c9e8de78 -> 
  custom:audio-decoder-ogg-vorbis: bf7c407c2cedff20999df2af8eb42d56 -> 
  custom:audio-encoder-webm-vorbis: bf7c407c2cedff20999df2af8eb42d56 -> 
AssetImportWorkerClient::OnTransportError - code=2 error=End of file
